2025-11-17 17:07:14 - main - INFO - Starting Chaos Arena API
2025-11-17 17:07:16 - main - INFO - Starting Chaos Arena API
2025-11-17 17:07:16 - main - INFO - Loading in-cluster config
2025-11-17 17:07:16 - main - WARNING - Failed to load in-cluster config: Service host/port is not set.
2025-11-17 17:07:16 - main - INFO - Loading kubeconfig
2025-11-17 17:07:16 - main - INFO - Successfully loaded kubeconfig
2025-11-17 17:07:20 - main - INFO - Starting Chaos Arena API
2025-11-17 17:07:20 - main - INFO - Loading in-cluster config
2025-11-17 17:07:20 - main - WARNING - Failed to load in-cluster config: Service host/port is not set.
2025-11-17 17:07:20 - main - INFO - Loading kubeconfig
2025-11-17 17:07:20 - main - INFO - Successfully loaded kubeconfig
2025-11-17 17:07:24 - main - INFO - Starting Chaos Arena API
2025-11-17 17:07:24 - main - INFO - Loading in-cluster config
2025-11-17 17:07:24 - main - WARNING - Failed to load in-cluster config: Service host/port is not set.
2025-11-17 17:07:24 - main - INFO - Loading kubeconfig
2025-11-17 17:07:24 - main - INFO - Successfully loaded kubeconfig
2025-11-17 17:07:33 - main - INFO - Starting Chaos Arena API
2025-11-17 17:07:33 - main - INFO - Loading in-cluster config
2025-11-17 17:07:33 - main - WARNING - Failed to load in-cluster config: Service host/port is not set.
2025-11-17 17:07:33 - main - INFO - Loading kubeconfig
2025-11-17 17:07:33 - main - INFO - Successfully loaded kubeconfig
2025-11-17 17:07:36 - main - INFO - Starting Chaos Arena API
2025-11-17 17:07:36 - main - INFO - Loading in-cluster config
2025-11-17 17:07:36 - main - WARNING - Failed to load in-cluster config: Service host/port is not set.
2025-11-17 17:07:36 - main - INFO - Loading kubeconfig
2025-11-17 17:07:36 - main - INFO - Successfully loaded kubeconfig
2025-11-17 17:07:39 - main - INFO - Starting Chaos Arena API
2025-11-17 17:07:39 - main - INFO - Loading in-cluster config
2025-11-17 17:07:39 - main - WARNING - Failed to load in-cluster config: Service host/port is not set.
2025-11-17 17:07:39 - main - INFO - Loading kubeconfig
2025-11-17 17:07:39 - main - INFO - Successfully loaded kubeconfig
2025-11-17 17:07:42 - main - INFO - Starting Chaos Arena API
2025-11-17 17:07:42 - main - INFO - Loading in-cluster config
2025-11-17 17:07:42 - main - WARNING - Failed to load in-cluster config: Service host/port is not set.
2025-11-17 17:07:42 - main - INFO - Loading kubeconfig
2025-11-17 17:07:42 - main - INFO - Successfully loaded kubeconfig
2025-11-17 17:07:46 - main - INFO - Starting Chaos Arena API
2025-11-17 17:07:46 - main - INFO - Loading in-cluster config
2025-11-17 17:07:46 - main - WARNING - Failed to load in-cluster config: Service host/port is not set.
2025-11-17 17:07:46 - main - INFO - Loading kubeconfig
2025-11-17 17:07:46 - main - INFO - Successfully loaded kubeconfig
2025-11-17 17:07:49 - main - INFO - Starting Chaos Arena API
2025-11-17 17:07:49 - main - INFO - Loading in-cluster config
2025-11-17 17:07:49 - main - WARNING - Failed to load in-cluster config: Service host/port is not set.
2025-11-17 17:07:49 - main - INFO - Loading kubeconfig
2025-11-17 17:07:49 - main - INFO - Successfully loaded kubeconfig
2025-11-17 17:07:53 - main - INFO - Starting Chaos Arena API
2025-11-17 17:07:53 - main - INFO - Loading in-cluster config
2025-11-17 17:07:53 - main - WARNING - Failed to load in-cluster config: Service host/port is not set.
2025-11-17 17:07:53 - main - INFO - Loading kubeconfig
2025-11-17 17:07:53 - main - INFO - Successfully loaded kubeconfig
2025-11-17 17:07:56 - main - INFO - Starting Chaos Arena API
2025-11-17 17:07:56 - main - INFO - Loading in-cluster config
2025-11-17 17:07:56 - main - WARNING - Failed to load in-cluster config: Service host/port is not set.
2025-11-17 17:07:56 - main - INFO - Loading kubeconfig
2025-11-17 17:07:56 - main - INFO - Successfully loaded kubeconfig
2025-11-17 17:08:01 - main - INFO - Starting Chaos Arena API
2025-11-17 17:08:01 - main - INFO - Loading in-cluster config
2025-11-17 17:08:01 - main - WARNING - Failed to load in-cluster config: Service host/port is not set.
2025-11-17 17:08:01 - main - INFO - Loading kubeconfig
2025-11-17 17:08:01 - main - INFO - Successfully loaded kubeconfig
2025-11-17 17:08:08 - main - INFO - Starting Chaos Arena API
2025-11-17 17:08:08 - main - INFO - Loading in-cluster config
2025-11-17 17:08:08 - main - WARNING - Failed to load in-cluster config: Service host/port is not set.
2025-11-17 17:08:08 - main - INFO - Loading kubeconfig
2025-11-17 17:08:08 - main - INFO - Successfully loaded kubeconfig
2025-11-17 17:08:10 - main - INFO - Starting Chaos Arena API
2025-11-17 17:08:10 - main - INFO - Loading in-cluster config
2025-11-17 17:08:10 - main - WARNING - Failed to load in-cluster config: Service host/port is not set.
2025-11-17 17:08:10 - main - INFO - Loading kubeconfig
2025-11-17 17:08:10 - main - INFO - Successfully loaded kubeconfig
2025-11-17 17:08:17 - main - INFO - Starting Chaos Arena API
2025-11-17 17:08:17 - main - INFO - Loading in-cluster config
2025-11-17 17:08:17 - main - WARNING - Failed to load in-cluster config: Service host/port is not set.
2025-11-17 17:08:17 - main - INFO - Loading kubeconfig
2025-11-17 17:08:17 - main - INFO - Successfully loaded kubeconfig
2025-11-17 17:08:21 - main - INFO - Starting Chaos Arena API
2025-11-17 17:08:21 - main - INFO - Loading in-cluster config
2025-11-17 17:08:21 - main - WARNING - Failed to load in-cluster config: Service host/port is not set.
2025-11-17 17:08:21 - main - INFO - Loading kubeconfig
2025-11-17 17:08:21 - main - INFO - Successfully loaded kubeconfig
2025-11-17 17:08:23 - main - INFO - Starting Chaos Arena API
2025-11-17 17:08:23 - main - INFO - Loading in-cluster config
2025-11-17 17:08:23 - main - WARNING - Failed to load in-cluster config: Service host/port is not set.
2025-11-17 17:08:23 - main - INFO - Loading kubeconfig
2025-11-17 17:08:23 - main - INFO - Successfully loaded kubeconfig
2025-11-17 17:08:24 - httpx - INFO - HTTP Request: GET https://makerworld.com/en/@qoutland/upload "HTTP/1.1 403 Forbidden"
2025-11-17 17:08:58 - main - INFO - Starting Chaos Arena API
2025-11-17 17:08:58 - main - INFO - Loading in-cluster config
2025-11-17 17:08:58 - main - WARNING - Failed to load in-cluster config: Service host/port is not set.
2025-11-17 17:08:58 - main - INFO - Loading kubeconfig
2025-11-17 17:08:58 - main - INFO - Successfully loaded kubeconfig
2025-11-17 17:09:00 - main - INFO - Starting Chaos Arena API
2025-11-17 17:09:00 - main - INFO - Loading in-cluster config
2025-11-17 17:09:00 - main - WARNING - Failed to load in-cluster config: Service host/port is not set.
2025-11-17 17:09:00 - main - INFO - Loading kubeconfig
2025-11-17 17:09:00 - main - INFO - Successfully loaded kubeconfig
2025-11-17 17:09:07 - main - INFO - Starting Chaos Arena API
2025-11-17 17:09:07 - main - INFO - Loading in-cluster config
2025-11-17 17:09:07 - main - WARNING - Failed to load in-cluster config: Service host/port is not set.
2025-11-17 17:09:07 - main - INFO - Loading kubeconfig
2025-11-17 17:09:07 - main - INFO - Successfully loaded kubeconfig
2025-11-17 17:09:09 - httpx - INFO - HTTP Request: GET https://makerworld.com/en/@qoutland/upload "HTTP/1.1 403 Forbidden"
2025-11-17 17:10:14 - main - INFO - Starting Chaos Arena API
2025-11-17 17:10:14 - main - INFO - Loading in-cluster config
2025-11-17 17:10:14 - main - WARNING - Failed to load in-cluster config: Service host/port is not set.
2025-11-17 17:10:14 - main - INFO - Loading kubeconfig
2025-11-17 17:10:14 - main - INFO - Successfully loaded kubeconfig
2025-11-17 17:10:19 - main - INFO - Starting Chaos Arena API
2025-11-17 17:10:19 - main - INFO - Loading in-cluster config
2025-11-17 17:10:19 - main - WARNING - Failed to load in-cluster config: Service host/port is not set.
2025-11-17 17:10:19 - main - INFO - Loading kubeconfig
2025-11-17 17:10:19 - main - INFO - Successfully loaded kubeconfig
2025-11-17 17:10:39 - main - INFO - Starting Chaos Arena API
2025-11-17 17:10:39 - main - INFO - Loading in-cluster config
2025-11-17 17:10:39 - main - WARNING - Failed to load in-cluster config: Service host/port is not set.
2025-11-17 17:10:39 - main - INFO - Loading kubeconfig
2025-11-17 17:10:39 - main - INFO - Successfully loaded kubeconfig
2025-11-17 17:10:55 - main - INFO - Starting Chaos Arena API
2025-11-17 17:10:55 - main - INFO - Loading in-cluster config
2025-11-17 17:10:55 - main - WARNING - Failed to load in-cluster config: Service host/port is not set.
2025-11-17 17:10:55 - main - INFO - Loading kubeconfig
2025-11-17 17:10:55 - main - INFO - Successfully loaded kubeconfig
2025-11-17 17:10:56 - httpx - INFO - HTTP Request: GET https://makerworld.com/en/@qoutland/upload "HTTP/1.1 403 Forbidden"
2025-11-17 17:12:18 - main - INFO - Starting Chaos Arena API
2025-11-17 17:12:18 - main - INFO - Loading in-cluster config
2025-11-17 17:12:18 - main - WARNING - Failed to load in-cluster config: Service host/port is not set.
2025-11-17 17:12:18 - main - INFO - Loading kubeconfig
2025-11-17 17:12:18 - main - INFO - Successfully loaded kubeconfig
2025-11-17 17:12:20 - main - INFO - Starting Chaos Arena API
2025-11-17 17:12:20 - main - INFO - Loading in-cluster config
2025-11-17 17:12:20 - main - WARNING - Failed to load in-cluster config: Service host/port is not set.
2025-11-17 17:12:20 - main - INFO - Loading kubeconfig
2025-11-17 17:12:21 - main - INFO - Successfully loaded kubeconfig
2025-11-17 17:12:25 - main - INFO - Starting Chaos Arena API
2025-11-17 17:12:25 - main - INFO - Loading in-cluster config
2025-11-17 17:12:25 - main - WARNING - Failed to load in-cluster config: Service host/port is not set.
2025-11-17 17:12:25 - main - INFO - Loading kubeconfig
2025-11-17 17:12:25 - main - INFO - Successfully loaded kubeconfig
2025-11-17 17:12:32 - main - INFO - Starting Chaos Arena API
2025-11-17 17:12:32 - main - INFO - Loading in-cluster config
2025-11-17 17:12:32 - main - WARNING - Failed to load in-cluster config: Service host/port is not set.
2025-11-17 17:12:32 - main - INFO - Loading kubeconfig
2025-11-17 17:12:32 - main - INFO - Successfully loaded kubeconfig
2025-11-17 17:12:45 - main - INFO - Starting Chaos Arena API
2025-11-17 17:12:45 - main - INFO - Loading in-cluster config
2025-11-17 17:12:45 - main - WARNING - Failed to load in-cluster config: Service host/port is not set.
2025-11-17 17:12:45 - main - INFO - Loading kubeconfig
2025-11-17 17:12:45 - main - INFO - Successfully loaded kubeconfig
2025-11-17 17:12:49 - main - INFO - Starting Chaos Arena API
2025-11-17 17:12:49 - main - INFO - Loading in-cluster config
2025-11-17 17:12:49 - main - WARNING - Failed to load in-cluster config: Service host/port is not set.
2025-11-17 17:12:49 - main - INFO - Loading kubeconfig
2025-11-17 17:12:49 - main - INFO - Successfully loaded kubeconfig
2025-11-17 17:12:50 - httpx - INFO - HTTP Request: GET https://makerworld.com/en/@qoutland/upload "HTTP/1.1 403 Forbidden"
2025-11-17 17:12:50 - main - ERROR - 403 Forbidden when accessing MakerWorld profile for qoutland. Anti-bot protection may be active.
2025-11-17 17:12:57 - main - INFO - Starting Chaos Arena API
2025-11-17 17:12:57 - main - INFO - Loading in-cluster config
2025-11-17 17:12:57 - main - WARNING - Failed to load in-cluster config: Service host/port is not set.
2025-11-17 17:12:57 - main - INFO - Loading kubeconfig
2025-11-17 17:12:57 - main - INFO - Successfully loaded kubeconfig
2025-11-17 17:13:10 - httpx - INFO - HTTP Request: GET https://makerworld.com/en/@qoutland/upload "HTTP/1.1 403 Forbidden"
2025-11-17 17:13:10 - main - ERROR - 403 Forbidden when accessing MakerWorld profile for qoutland. Anti-bot protection may be active.
2025-11-17 17:16:12 - main - INFO - Starting Chaos Arena API
2025-11-17 17:16:12 - main - INFO - Loading in-cluster config
2025-11-17 17:16:12 - main - WARNING - Failed to load in-cluster config: Service host/port is not set.
2025-11-17 17:16:12 - main - INFO - Loading kubeconfig
2025-11-17 17:16:12 - main - INFO - Successfully loaded kubeconfig
2025-11-17 17:16:12 - main - INFO - Starting Chaos Arena API
2025-11-17 17:16:12 - main - INFO - Launching headless browser for MakerWorld scraping...
2025-11-17 17:16:12 - main - ERROR - Failed to launch browser: BrowserType.launch: Executable doesn't exist at /home/quin/.cache/ms-playwright/chromium_headless_shell-1194/chrome-linux/headless_shell
╔════════════════════════════════════════════════════════════╗
║ Looks like Playwright was just installed or updated.       ║
║ Please run the following command to download new browsers: ║
║                                                            ║
║     playwright install                                     ║
║                                                            ║
║ <3 Playwright Team                                         ║
╚════════════════════════════════════════════════════════════╝
2025-11-17 17:16:12 - main - WARNING - MakerWorld scraping will not be available
2025-11-17 17:16:20 - main - INFO - Browser closed
2025-11-17 17:16:21 - main - INFO - Starting Chaos Arena API
2025-11-17 17:16:21 - main - INFO - Loading in-cluster config
2025-11-17 17:16:21 - main - WARNING - Failed to load in-cluster config: Service host/port is not set.
2025-11-17 17:16:21 - main - INFO - Loading kubeconfig
2025-11-17 17:16:21 - main - INFO - Successfully loaded kubeconfig
2025-11-17 17:16:21 - main - INFO - Starting Chaos Arena API
2025-11-17 17:16:21 - main - INFO - Launching headless browser for MakerWorld scraping...
2025-11-17 17:16:21 - main - ERROR - Failed to launch browser: BrowserType.launch: Executable doesn't exist at /home/quin/.cache/ms-playwright/chromium_headless_shell-1194/chrome-linux/headless_shell
╔════════════════════════════════════════════════════════════╗
║ Looks like Playwright was just installed or updated.       ║
║ Please run the following command to download new browsers: ║
║                                                            ║
║     playwright install                                     ║
║                                                            ║
║ <3 Playwright Team                                         ║
╚════════════════════════════════════════════════════════════╝
2025-11-17 17:16:21 - main - WARNING - MakerWorld scraping will not be available
2025-11-17 17:16:23 - main - INFO - Browser closed
2025-11-17 17:17:21 - main - INFO - Starting Chaos Arena API
2025-11-17 17:17:21 - main - INFO - Loading in-cluster config
2025-11-17 17:17:21 - main - WARNING - Failed to load in-cluster config: Service host/port is not set.
2025-11-17 17:17:21 - main - INFO - Loading kubeconfig
2025-11-17 17:17:21 - main - INFO - Successfully loaded kubeconfig
2025-11-17 17:17:21 - main - INFO - Starting Chaos Arena API
2025-11-17 17:17:21 - main - INFO - Launching headless browser for MakerWorld scraping...
2025-11-17 17:17:22 - main - INFO - Browser launched successfully
2025-11-17 17:17:28 - main - INFO - Closing browser...
2025-11-17 17:17:28 - main - INFO - Browser closed
2025-11-17 17:17:28 - main - INFO - Starting Chaos Arena API
2025-11-17 17:17:28 - main - INFO - Loading in-cluster config
2025-11-17 17:17:28 - main - WARNING - Failed to load in-cluster config: Service host/port is not set.
2025-11-17 17:17:28 - main - INFO - Loading kubeconfig
2025-11-17 17:17:29 - main - INFO - Successfully loaded kubeconfig
2025-11-17 17:17:29 - main - INFO - Starting Chaos Arena API
2025-11-17 17:17:29 - main - INFO - Launching headless browser for MakerWorld scraping...
2025-11-17 17:17:29 - main - INFO - Browser launched successfully
2025-11-17 17:18:03 - main - ERROR - Error fetching page https://makerworld.com/en/@qoutland/upload with browser: Page.goto: Timeout 30000ms exceeded.
Call log:
  - navigating to "https://makerworld.com/en/@qoutland/upload", waiting until "networkidle"

2025-11-17 17:18:03 - main - ERROR - Failed to fetch MakerWorld profile for qoutland
2025-11-17 17:20:05 - main - ERROR - Error fetching page https://makerworld.com/en/@qoutland/upload with browser: Page.goto: Timeout 30000ms exceeded.
Call log:
  - navigating to "https://makerworld.com/en/@qoutland/upload", waiting until "networkidle"

2025-11-17 17:20:05 - main - ERROR - Failed to fetch MakerWorld profile for qoutland
2025-11-17 17:22:05 - main - INFO - Closing browser...
2025-11-17 17:22:05 - main - INFO - Browser closed
2025-11-17 17:22:09 - main - INFO - Starting Chaos Arena API
2025-11-17 17:22:09 - main - INFO - Loading in-cluster config
2025-11-17 17:22:09 - main - WARNING - Failed to load in-cluster config: Service host/port is not set.
2025-11-17 17:22:09 - main - INFO - Loading kubeconfig
2025-11-17 17:22:09 - main - INFO - Successfully loaded kubeconfig
2025-11-17 17:22:29 - main - INFO - Starting Chaos Arena API
2025-11-17 17:22:29 - main - INFO - Loading in-cluster config
2025-11-17 17:22:29 - main - WARNING - Failed to load in-cluster config: Service host/port is not set.
2025-11-17 17:22:29 - main - INFO - Loading kubeconfig
2025-11-17 17:22:29 - main - INFO - Successfully loaded kubeconfig
2025-11-17 17:22:33 - main - INFO - Starting Chaos Arena API
2025-11-17 17:22:33 - main - INFO - Loading in-cluster config
2025-11-17 17:22:33 - main - WARNING - Failed to load in-cluster config: Service host/port is not set.
2025-11-17 17:22:33 - main - INFO - Loading kubeconfig
2025-11-17 17:22:33 - main - INFO - Successfully loaded kubeconfig
2025-11-17 17:22:36 - main - INFO - Starting Chaos Arena API
2025-11-17 17:22:36 - main - INFO - Loading in-cluster config
2025-11-17 17:22:36 - main - WARNING - Failed to load in-cluster config: Service host/port is not set.
2025-11-17 17:22:36 - main - INFO - Loading kubeconfig
2025-11-17 17:22:36 - main - INFO - Successfully loaded kubeconfig
2025-11-17 17:23:04 - main - INFO - Starting Chaos Arena API
2025-11-17 17:23:04 - main - INFO - Loading in-cluster config
2025-11-17 17:23:04 - main - WARNING - Failed to load in-cluster config: Service host/port is not set.
2025-11-17 17:23:04 - main - INFO - Loading kubeconfig
2025-11-17 17:23:04 - main - INFO - Successfully loaded kubeconfig
2025-11-17 17:23:07 - main - INFO - Listing pods in namespace arena
2025-11-17 17:23:07 - main - INFO - Found 3 pods: ['frontend-76d4986797-sxmsw', 'frontend-76d4986797-tzs6l', 'frontend-76d4986797-wc9lf']
2025-11-17 17:23:07 - main - INFO - New WebSocket connection accepted
2025-11-17 17:23:07 - main - INFO - Listing pods in namespace arena
2025-11-17 17:23:07 - main - INFO - Found 3 pods: ['frontend-76d4986797-sxmsw', 'frontend-76d4986797-tzs6l', 'frontend-76d4986797-wc9lf']
2025-11-17 17:23:09 - main - INFO - Client disconnected from WebSocket
2025-11-17 17:23:48 - main - INFO - Starting Chaos Arena API
2025-11-17 17:23:48 - main - INFO - Loading in-cluster config
2025-11-17 17:23:48 - main - WARNING - Failed to load in-cluster config: Service host/port is not set.
2025-11-17 17:23:48 - main - INFO - Loading kubeconfig
2025-11-17 17:23:48 - main - INFO - Successfully loaded kubeconfig
2025-11-17 17:23:55 - main - INFO - Starting Chaos Arena API
2025-11-17 17:23:55 - main - INFO - Loading in-cluster config
2025-11-17 17:23:55 - main - WARNING - Failed to load in-cluster config: Service host/port is not set.
2025-11-17 17:23:55 - main - INFO - Loading kubeconfig
2025-11-17 17:23:55 - main - INFO - Successfully loaded kubeconfig
2025-11-17 17:24:00 - main - INFO - Starting Chaos Arena API
2025-11-17 17:24:00 - main - INFO - Loading in-cluster config
2025-11-17 17:24:00 - main - WARNING - Failed to load in-cluster config: Service host/port is not set.
2025-11-17 17:24:00 - main - INFO - Loading kubeconfig
2025-11-17 17:24:00 - main - INFO - Successfully loaded kubeconfig
2025-11-17 17:25:14 - main - INFO - New WebSocket connection accepted
2025-11-17 17:25:14 - main - INFO - Listing pods in namespace arena
2025-11-17 17:25:14 - main - ERROR - Error in stream_pods: 
2025-11-17 17:25:14 - main - INFO - Found 3 pods: ['frontend-76d4986797-sxmsw', 'frontend-76d4986797-tzs6l', 'frontend-76d4986797-wc9lf']
2025-11-17 17:25:14 - main - INFO - New WebSocket connection accepted
2025-11-17 17:25:14 - main - INFO - Listing pods in namespace arena
2025-11-17 17:25:14 - main - INFO - Found 3 pods: ['frontend-76d4986797-sxmsw', 'frontend-76d4986797-tzs6l', 'frontend-76d4986797-wc9lf']
2025-11-17 17:25:19 - main - INFO - Random pod deletion requested in namespace arena
2025-11-17 17:25:19 - main - INFO - Randomly selected pod frontend-76d4986797-wc9lf for deletion
2025-11-17 17:25:19 - main - INFO - Successfully deleted random pod frontend-76d4986797-wc9lf
2025-11-17 17:25:31 - main - INFO - Client disconnected from WebSocket
2025-11-18 15:23:48 - main - INFO - Starting Chaos Arena API
2025-11-18 15:23:48 - main - INFO - Loading in-cluster config
2025-11-18 15:23:48 - main - WARNING - Failed to load in-cluster config: Service host/port is not set.
2025-11-18 15:23:48 - main - INFO - Loading kubeconfig
2025-11-18 15:23:48 - main - INFO - Successfully loaded kubeconfig
2025-11-18 15:27:21 - main - INFO - New WebSocket connection accepted
2025-11-18 15:27:21 - urllib3.connectionpool - WARNING - Retrying (Retry(total=2, connect=None, read=None, redirect=None, status=None)) after connection broken by 'NewConnectionError('<urllib3.connection.HTTPSConnection object at 0x76b25d6714c0>: Failed to establish a new connection: [Errno 111] Connection refused')': /api/v1/namespaces/arena/pods
2025-11-18 15:27:21 - urllib3.connectionpool - WARNING - Retrying (Retry(total=1, connect=None, read=None, redirect=None, status=None)) after connection broken by 'NewConnectionError('<urllib3.connection.HTTPSConnection object at 0x76b25d3e7b90>: Failed to establish a new connection: [Errno 111] Connection refused')': /api/v1/namespaces/arena/pods
2025-11-18 15:27:21 - urllib3.connectionpool - WARNING - Retrying (Retry(total=0, connect=None, read=None, redirect=None, status=None)) after connection broken by 'NewConnectionError('<urllib3.connection.HTTPSConnection object at 0x76b25cff9550>: Failed to establish a new connection: [Errno 111] Connection refused')': /api/v1/namespaces/arena/pods
2025-11-18 15:27:21 - main - ERROR - Error getting initial pods: HTTPSConnectionPool(host='127.0.0.1', port=6443): Max retries exceeded with url: /api/v1/namespaces/arena/pods (Caused by NewConnectionError('<urllib3.connection.HTTPSConnection object at 0x76b25cffbec0>: Failed to establish a new connection: [Errno 111] Connection refused'))
2025-11-18 15:27:21 - main - INFO - Listing pods in namespace arena
2025-11-18 15:27:21 - urllib3.connectionpool - WARNING - Retrying (Retry(total=2, connect=None, read=None, redirect=None, status=None)) after connection broken by 'NewConnectionError('<urllib3.connection.HTTPSConnection object at 0x76b25d024560>: Failed to establish a new connection: [Errno 111] Connection refused')': /api/v1/namespaces/arena/pods?watch=True
2025-11-18 15:27:21 - urllib3.connectionpool - WARNING - Retrying (Retry(total=2, connect=None, read=None, redirect=None, status=None)) after connection broken by 'NewConnectionError('<urllib3.connection.HTTPSConnection object at 0x76b25d024980>: Failed to establish a new connection: [Errno 111] Connection refused')': /api/v1/namespaces/arena/pods
2025-11-18 15:27:21 - urllib3.connectionpool - WARNING - Retrying (Retry(total=1, connect=None, read=None, redirect=None, status=None)) after connection broken by 'NewConnectionError('<urllib3.connection.HTTPSConnection object at 0x76b25d024a10>: Failed to establish a new connection: [Errno 111] Connection refused')': /api/v1/namespaces/arena/pods?watch=True
2025-11-18 15:27:21 - urllib3.connectionpool - WARNING - Retrying (Retry(total=1, connect=None, read=None, redirect=None, status=None)) after connection broken by 'NewConnectionError('<urllib3.connection.HTTPSConnection object at 0x76b25d024bc0>: Failed to establish a new connection: [Errno 111] Connection refused')': /api/v1/namespaces/arena/pods
2025-11-18 15:27:21 - urllib3.connectionpool - WARNING - Retrying (Retry(total=0, connect=None, read=None, redirect=None, status=None)) after connection broken by 'NewConnectionError('<urllib3.connection.HTTPSConnection object at 0x76b25d024c50>: Failed to establish a new connection: [Errno 111] Connection refused')': /api/v1/namespaces/arena/pods?watch=True
2025-11-18 15:27:21 - urllib3.connectionpool - WARNING - Retrying (Retry(total=0, connect=None, read=None, redirect=None, status=None)) after connection broken by 'NewConnectionError('<urllib3.connection.HTTPSConnection object at 0x76b25cff9580>: Failed to establish a new connection: [Errno 111] Connection refused')': /api/v1/namespaces/arena/pods
2025-11-18 15:27:21 - main - ERROR - Error in watch stream: HTTPSConnectionPool(host='127.0.0.1', port=6443): Max retries exceeded with url: /api/v1/namespaces/arena/pods?watch=True (Caused by NewConnectionError('<urllib3.connection.HTTPSConnection object at 0x76b25cffbe30>: Failed to establish a new connection: [Errno 111] Connection refused'))
2025-11-18 15:27:21 - main - INFO - Listing pods in namespace arena
2025-11-18 15:27:21 - urllib3.connectionpool - WARNING - Retrying (Retry(total=2, connect=None, read=None, redirect=None, status=None)) after connection broken by 'NewConnectionError('<urllib3.connection.HTTPSConnection object at 0x76b25d024a70>: Failed to establish a new connection: [Errno 111] Connection refused')': /api/v1/namespaces/arena/pods
2025-11-18 15:27:21 - urllib3.connectionpool - WARNING - Retrying (Retry(total=1, connect=None, read=None, redirect=None, status=None)) after connection broken by 'NewConnectionError('<urllib3.connection.HTTPSConnection object at 0x76b25d027470>: Failed to establish a new connection: [Errno 111] Connection refused')': /api/v1/namespaces/arena/pods
2025-11-18 15:27:21 - urllib3.connectionpool - WARNING - Retrying (Retry(total=0, connect=None, read=None, redirect=None, status=None)) after connection broken by 'NewConnectionError('<urllib3.connection.HTTPSConnection object at 0x76b25d0275c0>: Failed to establish a new connection: [Errno 111] Connection refused')': /api/v1/namespaces/arena/pods
